<?xml version="1.0" encoding="UTF-8"?>
<beans xmlns="http://www.springframework.org/schema/beans"
	xmlns:xsi="http://www.w3.org/2001/XMLSchema-instance"
	xmlns:jdbc="http://www.springframework.org/schema/jdbc"
	xmlns:tx="http://www.springframework.org/schema/tx"
	xmlns:aop="http://www.springframework.org/schema/aop"
	xsi:schemaLocation="http://www.springframework.org/schema/beans http://www.springframework.org/schema/beans/spring-beans-3.0.xsd
		http://www.springframework.org/schema/jdbc http://www.springframework.org/schema/jdbc/spring-jdbc-3.0.xsd
		http://www.springframework.org/schema/tx http://www.springframework.org/schema/tx/spring-tx-3.0.xsd
		http://www.springframework.org/schema/aop http://www.springframework.org/schema/aop/spring-aop-3.0.xsd
		"
>
	<aop:aspectj-autoproxy proxy-target-class="true"/>
	<bean class="eu.xenit.move2alf.logic.usageservice.LoadLicenseAspect"/>
	
	<jdbc:embedded-database id="h2dataSource" type="H2">
	</jdbc:embedded-database>
	
	<jdbc:embedded-database id="dataSource" type="H2">
	</jdbc:embedded-database>
	
	<bean id="dataSourceInitializer" class="eu.xenit.move2alf.core.ConditionalDataSourceInitializer">
	</bean>

	<!-- I only added hibernate.hbm2ddl.auto=update to the main sessionFactory and removed hibernate.dialect -->
	<!-- TODO: Is there a way to add/override one property of a bean without redefining all the other properties? -->
	<bean id="sessionFactory" class="org.springframework.orm.hibernate3.LocalSessionFactoryBean">
		<property name="dataSource" ref="dataSource" />
		<property name="mappingResources">
			<list>
				<value>eu/xenit/move2alf/core/dto/ConfiguredAction.hbm.xml</value>
				<!--<value>eu/xenit/move2alf/core/dto/ConfiguredReport.hbm.xml</value>-->
				<value>eu/xenit/move2alf/core/dto/ConfiguredSharedResource.hbm.xml
                </value>
				<value>eu/xenit/move2alf/core/dto/Cycle.hbm.xml</value>
				<value>eu/xenit/move2alf/core/dto/Job.hbm.xml</value>
				<value>eu/xenit/move2alf/core/dto/ProcessedDocument.hbm.xml</value>
				<!--<value>eu/xenit/move2alf/core/dto/RunningAction.hbm.xml</value>-->
				<value>eu/xenit/move2alf/core/dto/Schedule.hbm.xml</value>
				<!--<value>eu/xenit/move2alf/core/dto/ThreadPool.hbm.xml</value>-->
				<value>eu/xenit/move2alf/core/dto/UserPswd.hbm.xml</value>
			</list>
		</property>
		<property name="hibernateProperties">
			<props>
				<prop key="hibernate.query.substitutions"> true 1, false 0 </prop>
				<prop key="hibernate.hbm2ddl.auto">update</prop>
			</props>
		</property>
	</bean>
</beans>
